Release 14.7 Map P.20131013 (nt64)
Xilinx Mapping Report File for Design 'large_multiplier_wrapper'

Design Information
------------------
Command Line   : map -intstyle ise -p xc6vlx75t-ff784-3 -w -logic_opt off -ol
high -t 1 -xt 0 -r 4 -global_opt speed -equivalent_register_removal on -mt off
-ir place -ignore_keep_hierarchy -pr off -lc off -power off -o
large_multiplier_wrapper_map.ncd large_multiplier_wrapper.ngd
large_multiplier_wrapper.pcf 
Target Device  : xc6vlx75t
Target Package : ff784
Target Speed   : -3
Mapper Version : virtex6 -- $Revision: 1.55 $
Mapped Date    : Thu Sep 10 14:29:40 2020

Design Summary
--------------
Number of errors:      0
Number of warnings:    0
Slice Logic Utilization:
  Number of Slice Registers:                   555 out of  93,120    1%
    Number used as Flip Flops:                 553
    Number used as Latches:                      0
    Number used as Latch-thrus:                  0
    Number used as AND/OR logics:                2
  Number of Slice LUTs:                      3,660 out of  46,560    7%
    Number used as logic:                    3,648 out of  46,560    7%
      Number using O6 output only:           3,466
      Number using O5 output only:               8
      Number using O5 and O6:                  174
      Number used as ROM:                        0
    Number used as Memory:                       0 out of  16,720    0%
    Number used exclusively as route-thrus:     12
      Number with same-slice register load:      4
      Number with same-slice carry load:         8
      Number with other load:                    0

Slice Logic Distribution:
  Number of occupied Slices:                 1,225 out of  11,640   10%
  Number of LUT Flip Flop pairs used:        3,756
    Number with an unused Flip Flop:         3,205 out of   3,756   85%
    Number with an unused LUT:                  96 out of   3,756    2%
    Number of fully used LUT-FF pairs:         455 out of   3,756   12%
    Number of unique control sets:               2
    Number of slice register sites lost
      to control set restrictions:               7 out of  93,120    1%

  A LUT Flip Flop pair for this architecture represents one LUT paired with
  one Flip Flop within a slice.  A control set is a unique combination of
  clock, reset, set, and enable signals for a registered element.
  The Slice Logic Distribution report is not meaningful if the design is
  over-mapped for a non-slice resource or if Placement fails.
  OVERMAPPING of BRAM resources should be ignored if the design is
  over-mapped for a non-BRAM resource or if placement fails.

IO Utilization:
  Number of bonded IOBs:                       258 out of     360   71%

Specific Feature Utilization:
  Number of RAMB36E1/FIFO36E1s:                  0 out of     156    0%
  Number of RAMB18E1/FIFO18E1s:                  0 out of     312    0%
  Number of BUFG/BUFGCTRLs:                      1 out of      32    3%
    Number used as BUFGs:                        1
    Number used as BUFGCTRLs:                    0
  Number of ILOGICE1/ISERDESE1s:                 0 out of     360    0%
  Number of OLOGICE1/OSERDESE1s:                 0 out of     360    0%
  Number of BSCANs:                              0 out of       4    0%
  Number of BUFHCEs:                             0 out of      72    0%
  Number of BUFIODQSs:                           0 out of      36    0%
  Number of BUFRs:                               0 out of      18    0%
  Number of CAPTUREs:                            0 out of       1    0%
  Number of DSP48E1s:                            0 out of     288    0%
  Number of EFUSE_USRs:                          0 out of       1    0%
  Number of FRAME_ECCs:                          0 out of       1    0%
  Number of GTXE1s:                              0 out of      12    0%
  Number of IBUFDS_GTXE1s:                       0 out of       6    0%
  Number of ICAPs:                               0 out of       2    0%
  Number of IDELAYCTRLs:                         0 out of       9    0%
  Number of IODELAYE1s:                          0 out of     360    0%
  Number of MMCM_ADVs:                           0 out of       6    0%
  Number of PCIE_2_0s:                           0 out of       1    0%
  Number of STARTUPs:                            1 out of       1  100%
  Number of SYSMONs:                             0 out of       1    0%
  Number of TEMAC_SINGLEs:                       0 out of       4    0%

Average Fanout of Non-Clock Nets:                4.34

Peak Memory Usage:  630 MB
Total REAL time to MAP completion:  1 mins 46 secs 
Total CPU time to MAP completion:   1 mins 46 secs 

Table of Contents
-----------------
Section 1 - Errors
Section 2 - Warnings
Section 3 - Informational
Section 4 - Removed Logic Summary
Section 5 - Removed Logic
Section 6 - IOB Properties
Section 7 - RPMs
Section 8 - Guide Report
Section 9 - Area Group and Partition Summary
Section 10 - Timing Report
Section 11 - Configuration String Information
Section 12 - Control Set Information
Section 13 - Utilization by Hierarchy

Section 1 - Errors
------------------

Section 2 - Warnings
--------------------

Section 3 - Informational
-------------------------
INFO:LIT:243 - Logical network clk_BUFGP/N2 has no load.
INFO:LIT:395 - The above info message is repeated 2 more times for the following
   (max. 5 shown):
   clk_BUFGP/N3,
   N1
   To see the details of these info messages, please use the -detail switch.
INFO:MapLib:562 - No environment variables are currently set.
INFO:LIT:244 - All of the single ended outputs in this design are using slew
   rate limited output drivers. The delay on speed critical single ended outputs
   can be dramatically reduced by designating them as fast outputs.
INFO:Pack:1716 - Initializing temperature to 85.000 Celsius. (default - Range:
   0.000 to 85.000 Celsius)
INFO:Pack:1720 - Initializing voltage to 0.950 Volts. (default - Range: 0.950 to
   1.050 Volts)
INFO:Map:215 - The Interim Design Summary has been generated in the MAP Report
   (.mrp).
INFO:Pack:1650 - Map created a placed design.

Section 4 - Removed Logic Summary
---------------------------------
   3 block(s) removed
  18 block(s) optimized away
   3 signal(s) removed

Section 5 - Removed Logic
-------------------------

The trimmed logic report below shows the logic removed from your design due to
sourceless or loadless signals, and VCC or ground connections.  If the removal
of a signal or symbol results in the subsequent removal of an additional signal
or symbol, the message explaining that second removal will be indented.  This
indentation will be repeated as a chain of related logic is removed.

To quickly locate the original cause for the removal of a chain of logic, look
above the place where that logic is listed in the trimming report, then locate
the lines that are least indented (begin at the leftmost edge).

The signal "N1" is loadless and has been removed.
 Loadless block "XST_VCC" (ONE) removed.
The signal "clk_BUFGP/N2" is sourceless and has been removed.
The signal "clk_BUFGP/N3" is sourceless and has been removed.
Unused block "clk_BUFGP/XST_GND" (ZERO) removed.
Unused block "clk_BUFGP/XST_VCC" (ONE) removed.

Optimized Block(s):
TYPE 		BLOCK
GND 		XST_GND
LUT6 		mult_comp_inst/comp_inst/gpcLN_0/LUT6_3
   optimized to 0
LUT6 		mult_comp_inst/comp_inst/gpcLN_1/LUT6_3
   optimized to 0
LUT6 		mult_comp_inst/comp_inst/gpcLN_11/LUT6_3
   optimized to 0
LUT6 		mult_comp_inst/comp_inst/gpcLN_14/LUT6_3
   optimized to 0
LUT6 		mult_comp_inst/comp_inst/gpcLN_2/LUT6_3
   optimized to 0
LUT6 		mult_comp_inst/comp_inst/gpcLN_3/LUT6_3
   optimized to 0
LUT6 		mult_comp_inst/comp_inst/gpcLN_4/LUT6_3
   optimized to 0
LUT6 		mult_comp_inst/comp_inst/gpcLN_5/LUT6_3
   optimized to 0
LUT6 		mult_comp_inst/comp_inst/gpcLN_54/LUT6_3
   optimized to 0
LUT6 		mult_comp_inst/comp_inst/gpcLN_57/LUT6_3
   optimized to 0
LUT6 		mult_comp_inst/comp_inst/gpcLN_58/LUT6_3
   optimized to 0
LUT6 		mult_comp_inst/comp_inst/gpcLN_59/LUT6_3
   optimized to 0
LUT6 		mult_comp_inst/comp_inst/gpcLN_6/LUT6_3
   optimized to 0
LUT6 		mult_comp_inst/comp_inst/gpcLN_60/LUT6_3
   optimized to 0
LUT6 		mult_comp_inst/comp_inst/gpcLN_62/LUT6_3
   optimized to 0
LUT6 		mult_comp_inst/comp_inst/gpcLN_7/LUT6_3
   optimized to 0
LUT6 		mult_comp_inst/comp_inst/gpcLN_9/LUT6_3
   optimized to 0

To enable printing of redundant blocks removed and signals merged, set the
detailed map report option and rerun map.

Section 6 - IOB Properties
--------------------------

+---------------------------------------------------------------------------------------------------------------------------------------------------------+
| IOB Name                           | Type             | Direction | IO Standard          | Diff  | Drive    | Slew | Reg (s)      | Resistor | IOB      |
|                                    |                  |           |                      | Term  | Strength | Rate |              |          | Delay    |
+---------------------------------------------------------------------------------------------------------------------------------------------------------+
| clk                                | IOB              | INPUT     | LVCMOS25             |       |          |      |              |          |          |
| in0<0>                             | IOB              | INPUT     | LVCMOS25             |       |          |      |              |          |          |
| in0<1>                             | IOB              | INPUT     | LVCMOS25             |       |          |      |              |          |          |
| in0<2>                             | IOB              | INPUT     | LVCMOS25             |       |          |      |              |          |          |
| in0<3>                             | IOB              | INPUT     | LVCMOS25             |       |          |      |              |          |          |
| in0<4>                             | IOB              | INPUT     | LVCMOS25             |       |          |      |              |          |          |
| in0<5>                             | IOB              | INPUT     | LVCMOS25             |       |          |      |              |          |          |
| in0<6>                             | IOB              | INPUT     | LVCMOS25             |       |          |      |              |          |          |
| in0<7>                             | IOB              | INPUT     | LVCMOS25             |       |          |      |              |          |          |
| in0<8>                             | IOB              | INPUT     | LVCMOS25             |       |          |      |              |          |          |
| in0<9>                             | IOB              | INPUT     | LVCMOS25             |       |          |      |              |          |          |
| in0<10>                            | IOB              | INPUT     | LVCMOS25             |       |          |      |              |          |          |
| in0<11>                            | IOB              | INPUT     | LVCMOS25             |       |          |      |              |          |          |
| in0<12>                            | IOB              | INPUT     | LVCMOS25             |       |          |      |              |          |          |
| in0<13>                            | IOB              | INPUT     | LVCMOS25             |       |          |      |              |          |          |
| in0<14>                            | IOB              | INPUT     | LVCMOS25             |       |          |      |              |          |          |
| in0<15>                            | IOB              | INPUT     | LVCMOS25             |       |          |      |              |          |          |
| in0<16>                            | IOB              | INPUT     | LVCMOS25             |       |          |      |              |          |          |
| in0<17>                            | IOB              | INPUT     | LVCMOS25             |       |          |      |              |          |          |
| in0<18>                            | IOB              | INPUT     | LVCMOS25             |       |          |      |              |          |          |
| in0<19>                            | IOB              | INPUT     | LVCMOS25             |       |          |      |              |          |          |
| in0<20>                            | IOB              | INPUT     | LVCMOS25             |       |          |      |              |          |          |
| in0<21>                            | IOB              | INPUT     | LVCMOS25             |       |          |      |              |          |          |
| in0<22>                            | IOB              | INPUT     | LVCMOS25             |       |          |      |              |          |          |
| in0<23>                            | IOB              | INPUT     | LVCMOS25             |       |          |      |              |          |          |
| in0<24>                            | IOB              | INPUT     | LVCMOS25             |       |          |      |              |          |          |
| in0<25>                            | IOB              | INPUT     | LVCMOS25             |       |          |      |              |          |          |
| in0<26>                            | IOB              | INPUT     | LVCMOS25             |       |          |      |              |          |          |
| in0<27>                            | IOB              | INPUT     | LVCMOS25             |       |          |      |              |          |          |
| in0<28>                            | IOB              | INPUT     | LVCMOS25             |       |          |      |              |          |          |
| in0<29>                            | IOB              | INPUT     | LVCMOS25             |       |          |      |              |          |          |
| in0<30>                            | IOB              | INPUT     | LVCMOS25             |       |          |      |              |          |          |
| in0<31>                            | IOB              | INPUT     | LVCMOS25             |       |          |      |              |          |          |
| in0<32>                            | IOB              | INPUT     | LVCMOS25             |       |          |      |              |          |          |
| in0<33>                            | IOB              | INPUT     | LVCMOS25             |       |          |      |              |          |          |
| in0<34>                            | IOB              | INPUT     | LVCMOS25             |       |          |      |              |          |          |
| in0<35>                            | IOB              | INPUT     | LVCMOS25             |       |          |      |              |          |          |
| in0<36>                            | IOB              | INPUT     | LVCMOS25             |       |          |      |              |          |          |
| in0<37>                            | IOB              | INPUT     | LVCMOS25             |       |          |      |              |          |          |
| in0<38>                            | IOB              | INPUT     | LVCMOS25             |       |          |      |              |          |          |
| in0<39>                            | IOB              | INPUT     | LVCMOS25             |       |          |      |              |          |          |
| in0<40>                            | IOB              | INPUT     | LVCMOS25             |       |          |      |              |          |          |
| in0<41>                            | IOB              | INPUT     | LVCMOS25             |       |          |      |              |          |          |
| in0<42>                            | IOB              | INPUT     | LVCMOS25             |       |          |      |              |          |          |
| in0<43>                            | IOB              | INPUT     | LVCMOS25             |       |          |      |              |          |          |
| in0<44>                            | IOB              | INPUT     | LVCMOS25             |       |          |      |              |          |          |
| in0<45>                            | IOB              | INPUT     | LVCMOS25             |       |          |      |              |          |          |
| in0<46>                            | IOB              | INPUT     | LVCMOS25             |       |          |      |              |          |          |
| in0<47>                            | IOB              | INPUT     | LVCMOS25             |       |          |      |              |          |          |
| in0<48>                            | IOB              | INPUT     | LVCMOS25             |       |          |      |              |          |          |
| in0<49>                            | IOB              | INPUT     | LVCMOS25             |       |          |      |              |          |          |
| in0<50>                            | IOB              | INPUT     | LVCMOS25             |       |          |      |              |          |          |
| in0<51>                            | IOB              | INPUT     | LVCMOS25             |       |          |      |              |          |          |
| in0<52>                            | IOB              | INPUT     | LVCMOS25             |       |          |      |              |          |          |
| in0<53>                            | IOB              | INPUT     | LVCMOS25             |       |          |      |              |          |          |
| in0<54>                            | IOB              | INPUT     | LVCMOS25             |       |          |      |              |          |          |
| in0<55>                            | IOB              | INPUT     | LVCMOS25             |       |          |      |              |          |          |
| in0<56>                            | IOB              | INPUT     | LVCMOS25             |       |          |      |              |          |          |
| in0<57>                            | IOB              | INPUT     | LVCMOS25             |       |          |      |              |          |          |
| in0<58>                            | IOB              | INPUT     | LVCMOS25             |       |          |      |              |          |          |
| in0<59>                            | IOB              | INPUT     | LVCMOS25             |       |          |      |              |          |          |
| in0<60>                            | IOB              | INPUT     | LVCMOS25             |       |          |      |              |          |          |
| in0<61>                            | IOB              | INPUT     | LVCMOS25             |       |          |      |              |          |          |
| in0<62>                            | IOB              | INPUT     | LVCMOS25             |       |          |      |              |          |          |
| in0<63>                            | IOB              | INPUT     | LVCMOS25             |       |          |      |              |          |          |
| in1<0>                             | IOB              | INPUT     | LVCMOS25             |       |          |      |              |          |          |
| in1<1>                             | IOB              | INPUT     | LVCMOS25             |       |          |      |              |          |          |
| in1<2>                             | IOB              | INPUT     | LVCMOS25             |       |          |      |              |          |          |
| in1<3>                             | IOB              | INPUT     | LVCMOS25             |       |          |      |              |          |          |
| in1<4>                             | IOB              | INPUT     | LVCMOS25             |       |          |      |              |          |          |
| in1<5>                             | IOB              | INPUT     | LVCMOS25             |       |          |      |              |          |          |
| in1<6>                             | IOB              | INPUT     | LVCMOS25             |       |          |      |              |          |          |
| in1<7>                             | IOB              | INPUT     | LVCMOS25             |       |          |      |              |          |          |
| in1<8>                             | IOB              | INPUT     | LVCMOS25             |       |          |      |              |          |          |
| in1<9>                             | IOB              | INPUT     | LVCMOS25             |       |          |      |              |          |          |
| in1<10>                            | IOB              | INPUT     | LVCMOS25             |       |          |      |              |          |          |
| in1<11>                            | IOB              | INPUT     | LVCMOS25             |       |          |      |              |          |          |
| in1<12>                            | IOB              | INPUT     | LVCMOS25             |       |          |      |              |          |          |
| in1<13>                            | IOB              | INPUT     | LVCMOS25             |       |          |      |              |          |          |
| in1<14>                            | IOB              | INPUT     | LVCMOS25             |       |          |      |              |          |          |
| in1<15>                            | IOB              | INPUT     | LVCMOS25             |       |          |      |              |          |          |
| in1<16>                            | IOB              | INPUT     | LVCMOS25             |       |          |      |              |          |          |
| in1<17>                            | IOB              | INPUT     | LVCMOS25             |       |          |      |              |          |          |
| in1<18>                            | IOB              | INPUT     | LVCMOS25             |       |          |      |              |          |          |
| in1<19>                            | IOB              | INPUT     | LVCMOS25             |       |          |      |              |          |          |
| in1<20>                            | IOB              | INPUT     | LVCMOS25             |       |          |      |              |          |          |
| in1<21>                            | IOB              | INPUT     | LVCMOS25             |       |          |      |              |          |          |
| in1<22>                            | IOB              | INPUT     | LVCMOS25             |       |          |      |              |          |          |
| in1<23>                            | IOB              | INPUT     | LVCMOS25             |       |          |      |              |          |          |
| in1<24>                            | IOB              | INPUT     | LVCMOS25             |       |          |      |              |          |          |
| in1<25>                            | IOB              | INPUT     | LVCMOS25             |       |          |      |              |          |          |
| in1<26>                            | IOB              | INPUT     | LVCMOS25             |       |          |      |              |          |          |
| in1<27>                            | IOB              | INPUT     | LVCMOS25             |       |          |      |              |          |          |
| in1<28>                            | IOB              | INPUT     | LVCMOS25             |       |          |      |              |          |          |
| in1<29>                            | IOB              | INPUT     | LVCMOS25             |       |          |      |              |          |          |
| in1<30>                            | IOB              | INPUT     | LVCMOS25             |       |          |      |              |          |          |
| in1<31>                            | IOB              | INPUT     | LVCMOS25             |       |          |      |              |          |          |
| in1<32>                            | IOB              | INPUT     | LVCMOS25             |       |          |      |              |          |          |
| in1<33>                            | IOB              | INPUT     | LVCMOS25             |       |          |      |              |          |          |
| in1<34>                            | IOB              | INPUT     | LVCMOS25             |       |          |      |              |          |          |
| in1<35>                            | IOB              | INPUT     | LVCMOS25             |       |          |      |              |          |          |
| in1<36>                            | IOB              | INPUT     | LVCMOS25             |       |          |      |              |          |          |
| in1<37>                            | IOB              | INPUT     | LVCMOS25             |       |          |      |              |          |          |
| in1<38>                            | IOB              | INPUT     | LVCMOS25             |       |          |      |              |          |          |
| in1<39>                            | IOB              | INPUT     | LVCMOS25             |       |          |      |              |          |          |
| in1<40>                            | IOB              | INPUT     | LVCMOS25             |       |          |      |              |          |          |
| in1<41>                            | IOB              | INPUT     | LVCMOS25             |       |          |      |              |          |          |
| in1<42>                            | IOB              | INPUT     | LVCMOS25             |       |          |      |              |          |          |
| in1<43>                            | IOB              | INPUT     | LVCMOS25             |       |          |      |              |          |          |
| in1<44>                            | IOB              | INPUT     | LVCMOS25             |       |          |      |              |          |          |
| in1<45>                            | IOB              | INPUT     | LVCMOS25             |       |          |      |              |          |          |
| in1<46>                            | IOB              | INPUT     | LVCMOS25             |       |          |      |              |          |          |
| in1<47>                            | IOB              | INPUT     | LVCMOS25             |       |          |      |              |          |          |
| in1<48>                            | IOB              | INPUT     | LVCMOS25             |       |          |      |              |          |          |
| in1<49>                            | IOB              | INPUT     | LVCMOS25             |       |          |      |              |          |          |
| in1<50>                            | IOB              | INPUT     | LVCMOS25             |       |          |      |              |          |          |
| in1<51>                            | IOB              | INPUT     | LVCMOS25             |       |          |      |              |          |          |
| in1<52>                            | IOB              | INPUT     | LVCMOS25             |       |          |      |              |          |          |
| in1<53>                            | IOB              | INPUT     | LVCMOS25             |       |          |      |              |          |          |
| in1<54>                            | IOB              | INPUT     | LVCMOS25             |       |          |      |              |          |          |
| in1<55>                            | IOB              | INPUT     | LVCMOS25             |       |          |      |              |          |          |
| in1<56>                            | IOB              | INPUT     | LVCMOS25             |       |          |      |              |          |          |
| in1<57>                            | IOB              | INPUT     | LVCMOS25             |       |          |      |              |          |          |
| in1<58>                            | IOB              | INPUT     | LVCMOS25             |       |          |      |              |          |          |
| in1<59>                            | IOB              | INPUT     | LVCMOS25             |       |          |      |              |          |          |
| in1<60>                            | IOB              | INPUT     | LVCMOS25             |       |          |      |              |          |          |
| in1<61>                            | IOB              | INPUT     | LVCMOS25             |       |          |      |              |          |          |
| in1<62>                            | IOB              | INPUT     | LVCMOS25             |       |          |      |              |          |          |
| in1<63>                            | IOB              | INPUT     | LVCMOS25             |       |          |      |              |          |          |
| outp<0>                            | IOB              | OUTPUT    | LVCMOS25             |       | 12       | SLOW |              |          |          |
| outp<1>                            | IOB              | OUTPUT    | LVCMOS25             |       | 12       | SLOW |              |          |          |
| outp<2>                            | IOB              | OUTPUT    | LVCMOS25             |       | 12       | SLOW |              |          |          |
| outp<3>                            | IOB              | OUTPUT    | LVCMOS25             |       | 12       | SLOW |              |          |          |
| outp<4>                            | IOB              | OUTPUT    | LVCMOS25             |       | 12       | SLOW |              |          |          |
| outp<5>                            | IOB              | OUTPUT    | LVCMOS25             |       | 12       | SLOW |              |          |          |
| outp<6>                            | IOB              | OUTPUT    | LVCMOS25             |       | 12       | SLOW |              |          |          |
| outp<7>                            | IOB              | OUTPUT    | LVCMOS25             |       | 12       | SLOW |              |          |          |
| outp<8>                            | IOB              | OUTPUT    | LVCMOS25             |       | 12       | SLOW |              |          |          |
| outp<9>                            | IOB              | OUTPUT    | LVCMOS25             |       | 12       | SLOW |              |          |          |
| outp<10>                           | IOB              | OUTPUT    | LVCMOS25             |       | 12       | SLOW |              |          |          |
| outp<11>                           | IOB              | OUTPUT    | LVCMOS25             |       | 12       | SLOW |              |          |          |
| outp<12>                           | IOB              | OUTPUT    | LVCMOS25             |       | 12       | SLOW |              |          |          |
| outp<13>                           | IOB              | OUTPUT    | LVCMOS25             |       | 12       | SLOW |              |          |          |
| outp<14>                           | IOB              | OUTPUT    | LVCMOS25             |       | 12       | SLOW |              |          |          |
| outp<15>                           | IOB              | OUTPUT    | LVCMOS25             |       | 12       | SLOW |              |          |          |
| outp<16>                           | IOB              | OUTPUT    | LVCMOS25             |       | 12       | SLOW |              |          |          |
| outp<17>                           | IOB              | OUTPUT    | LVCMOS25             |       | 12       | SLOW |              |          |          |
| outp<18>                           | IOB              | OUTPUT    | LVCMOS25             |       | 12       | SLOW |              |          |          |
| outp<19>                           | IOB              | OUTPUT    | LVCMOS25             |       | 12       | SLOW |              |          |          |
| outp<20>                           | IOB              | OUTPUT    | LVCMOS25             |       | 12       | SLOW |              |          |          |
| outp<21>                           | IOB              | OUTPUT    | LVCMOS25             |       | 12       | SLOW |              |          |          |
| outp<22>                           | IOB              | OUTPUT    | LVCMOS25             |       | 12       | SLOW |              |          |          |
| outp<23>                           | IOB              | OUTPUT    | LVCMOS25             |       | 12       | SLOW |              |          |          |
| outp<24>                           | IOB              | OUTPUT    | LVCMOS25             |       | 12       | SLOW |              |          |          |
| outp<25>                           | IOB              | OUTPUT    | LVCMOS25             |       | 12       | SLOW |              |          |          |
| outp<26>                           | IOB              | OUTPUT    | LVCMOS25             |       | 12       | SLOW |              |          |          |
| outp<27>                           | IOB              | OUTPUT    | LVCMOS25             |       | 12       | SLOW |              |          |          |
| outp<28>                           | IOB              | OUTPUT    | LVCMOS25             |       | 12       | SLOW |              |          |          |
| outp<29>                           | IOB              | OUTPUT    | LVCMOS25             |       | 12       | SLOW |              |          |          |
| outp<30>                           | IOB              | OUTPUT    | LVCMOS25             |       | 12       | SLOW |              |          |          |
| outp<31>                           | IOB              | OUTPUT    | LVCMOS25             |       | 12       | SLOW |              |          |          |
| outp<32>                           | IOB              | OUTPUT    | LVCMOS25             |       | 12       | SLOW |              |          |          |
| outp<33>                           | IOB              | OUTPUT    | LVCMOS25             |       | 12       | SLOW |              |          |          |
| outp<34>                           | IOB              | OUTPUT    | LVCMOS25             |       | 12       | SLOW |              |          |          |
| outp<35>                           | IOB              | OUTPUT    | LVCMOS25             |       | 12       | SLOW |              |          |          |
| outp<36>                           | IOB              | OUTPUT    | LVCMOS25             |       | 12       | SLOW |              |          |          |
| outp<37>                           | IOB              | OUTPUT    | LVCMOS25             |       | 12       | SLOW |              |          |          |
| outp<38>                           | IOB              | OUTPUT    | LVCMOS25             |       | 12       | SLOW |              |          |          |
| outp<39>                           | IOB              | OUTPUT    | LVCMOS25             |       | 12       | SLOW |              |          |          |
| outp<40>                           | IOB              | OUTPUT    | LVCMOS25             |       | 12       | SLOW |              |          |          |
| outp<41>                           | IOB              | OUTPUT    | LVCMOS25             |       | 12       | SLOW |              |          |          |
| outp<42>                           | IOB              | OUTPUT    | LVCMOS25             |       | 12       | SLOW |              |          |          |
| outp<43>                           | IOB              | OUTPUT    | LVCMOS25             |       | 12       | SLOW |              |          |          |
| outp<44>                           | IOB              | OUTPUT    | LVCMOS25             |       | 12       | SLOW |              |          |          |
| outp<45>                           | IOB              | OUTPUT    | LVCMOS25             |       | 12       | SLOW |              |          |          |
| outp<46>                           | IOB              | OUTPUT    | LVCMOS25             |       | 12       | SLOW |              |          |          |
| outp<47>                           | IOB              | OUTPUT    | LVCMOS25             |       | 12       | SLOW |              |          |          |
| outp<48>                           | IOB              | OUTPUT    | LVCMOS25             |       | 12       | SLOW |              |          |          |
| outp<49>                           | IOB              | OUTPUT    | LVCMOS25             |       | 12       | SLOW |              |          |          |
| outp<50>                           | IOB              | OUTPUT    | LVCMOS25             |       | 12       | SLOW |              |          |          |
| outp<51>                           | IOB              | OUTPUT    | LVCMOS25             |       | 12       | SLOW |              |          |          |
| outp<52>                           | IOB              | OUTPUT    | LVCMOS25             |       | 12       | SLOW |              |          |          |
| outp<53>                           | IOB              | OUTPUT    | LVCMOS25             |       | 12       | SLOW |              |          |          |
| outp<54>                           | IOB              | OUTPUT    | LVCMOS25             |       | 12       | SLOW |              |          |          |
| outp<55>                           | IOB              | OUTPUT    | LVCMOS25             |       | 12       | SLOW |              |          |          |
| outp<56>                           | IOB              | OUTPUT    | LVCMOS25             |       | 12       | SLOW |              |          |          |
| outp<57>                           | IOB              | OUTPUT    | LVCMOS25             |       | 12       | SLOW |              |          |          |
| outp<58>                           | IOB              | OUTPUT    | LVCMOS25             |       | 12       | SLOW |              |          |          |
| outp<59>                           | IOB              | OUTPUT    | LVCMOS25             |       | 12       | SLOW |              |          |          |
| outp<60>                           | IOB              | OUTPUT    | LVCMOS25             |       | 12       | SLOW |              |          |          |
| outp<61>                           | IOB              | OUTPUT    | LVCMOS25             |       | 12       | SLOW |              |          |          |
| outp<62>                           | IOB              | OUTPUT    | LVCMOS25             |       | 12       | SLOW |              |          |          |
| outp<63>                           | IOB              | OUTPUT    | LVCMOS25             |       | 12       | SLOW |              |          |          |
| outp<64>                           | IOB              | OUTPUT    | LVCMOS25             |       | 12       | SLOW |              |          |          |
| outp<65>                           | IOB              | OUTPUT    | LVCMOS25             |       | 12       | SLOW |              |          |          |
| outp<66>                           | IOB              | OUTPUT    | LVCMOS25             |       | 12       | SLOW |              |          |          |
| outp<67>                           | IOB              | OUTPUT    | LVCMOS25             |       | 12       | SLOW |              |          |          |
| outp<68>                           | IOB              | OUTPUT    | LVCMOS25             |       | 12       | SLOW |              |          |          |
| outp<69>                           | IOB              | OUTPUT    | LVCMOS25             |       | 12       | SLOW |              |          |          |
| outp<70>                           | IOB              | OUTPUT    | LVCMOS25             |       | 12       | SLOW |              |          |          |
| outp<71>                           | IOB              | OUTPUT    | LVCMOS25             |       | 12       | SLOW |              |          |          |
| outp<72>                           | IOB              | OUTPUT    | LVCMOS25             |       | 12       | SLOW |              |          |          |
| outp<73>                           | IOB              | OUTPUT    | LVCMOS25             |       | 12       | SLOW |              |          |          |
| outp<74>                           | IOB              | OUTPUT    | LVCMOS25             |       | 12       | SLOW |              |          |          |
| outp<75>                           | IOB              | OUTPUT    | LVCMOS25             |       | 12       | SLOW |              |          |          |
| outp<76>                           | IOB              | OUTPUT    | LVCMOS25             |       | 12       | SLOW |              |          |          |
| outp<77>                           | IOB              | OUTPUT    | LVCMOS25             |       | 12       | SLOW |              |          |          |
| outp<78>                           | IOB              | OUTPUT    | LVCMOS25             |       | 12       | SLOW |              |          |          |
| outp<79>                           | IOB              | OUTPUT    | LVCMOS25             |       | 12       | SLOW |              |          |          |
| outp<80>                           | IOB              | OUTPUT    | LVCMOS25             |       | 12       | SLOW |              |          |          |
| outp<81>                           | IOB              | OUTPUT    | LVCMOS25             |       | 12       | SLOW |              |          |          |
| outp<82>                           | IOB              | OUTPUT    | LVCMOS25             |       | 12       | SLOW |              |          |          |
| outp<83>                           | IOB              | OUTPUT    | LVCMOS25             |       | 12       | SLOW |              |          |          |
| outp<84>                           | IOB              | OUTPUT    | LVCMOS25             |       | 12       | SLOW |              |          |          |
| outp<85>                           | IOB              | OUTPUT    | LVCMOS25             |       | 12       | SLOW |              |          |          |
| outp<86>                           | IOB              | OUTPUT    | LVCMOS25             |       | 12       | SLOW |              |          |          |
| outp<87>                           | IOB              | OUTPUT    | LVCMOS25             |       | 12       | SLOW |              |          |          |
| outp<88>                           | IOB              | OUTPUT    | LVCMOS25             |       | 12       | SLOW |              |          |          |
| outp<89>                           | IOB              | OUTPUT    | LVCMOS25             |       | 12       | SLOW |              |          |          |
| outp<90>                           | IOB              | OUTPUT    | LVCMOS25             |       | 12       | SLOW |              |          |          |
| outp<91>                           | IOB              | OUTPUT    | LVCMOS25             |       | 12       | SLOW |              |          |          |
| outp<92>                           | IOB              | OUTPUT    | LVCMOS25             |       | 12       | SLOW |              |          |          |
| outp<93>                           | IOB              | OUTPUT    | LVCMOS25             |       | 12       | SLOW |              |          |          |
| outp<94>                           | IOB              | OUTPUT    | LVCMOS25             |       | 12       | SLOW |              |          |          |
| outp<95>                           | IOB              | OUTPUT    | LVCMOS25             |       | 12       | SLOW |              |          |          |
| outp<96>                           | IOB              | OUTPUT    | LVCMOS25             |       | 12       | SLOW |              |          |          |
| outp<97>                           | IOB              | OUTPUT    | LVCMOS25             |       | 12       | SLOW |              |          |          |
| outp<98>                           | IOB              | OUTPUT    | LVCMOS25             |       | 12       | SLOW |              |          |          |
| outp<99>                           | IOB              | OUTPUT    | LVCMOS25             |       | 12       | SLOW |              |          |          |
| outp<100>                          | IOB              | OUTPUT    | LVCMOS25             |       | 12       | SLOW |              |          |          |
| outp<101>                          | IOB              | OUTPUT    | LVCMOS25             |       | 12       | SLOW |              |          |          |
| outp<102>                          | IOB              | OUTPUT    | LVCMOS25             |       | 12       | SLOW |              |          |          |
| outp<103>                          | IOB              | OUTPUT    | LVCMOS25             |       | 12       | SLOW |              |          |          |
| outp<104>                          | IOB              | OUTPUT    | LVCMOS25             |       | 12       | SLOW |              |          |          |
| outp<105>                          | IOB              | OUTPUT    | LVCMOS25             |       | 12       | SLOW |              |          |          |
| outp<106>                          | IOB              | OUTPUT    | LVCMOS25             |       | 12       | SLOW |              |          |          |
| outp<107>                          | IOB              | OUTPUT    | LVCMOS25             |       | 12       | SLOW |              |          |          |
| outp<108>                          | IOB              | OUTPUT    | LVCMOS25             |       | 12       | SLOW |              |          |          |
| outp<109>                          | IOB              | OUTPUT    | LVCMOS25             |       | 12       | SLOW |              |          |          |
| outp<110>                          | IOB              | OUTPUT    | LVCMOS25             |       | 12       | SLOW |              |          |          |
| outp<111>                          | IOB              | OUTPUT    | LVCMOS25             |       | 12       | SLOW |              |          |          |
| outp<112>                          | IOB              | OUTPUT    | LVCMOS25             |       | 12       | SLOW |              |          |          |
| outp<113>                          | IOB              | OUTPUT    | LVCMOS25             |       | 12       | SLOW |              |          |          |
| outp<114>                          | IOB              | OUTPUT    | LVCMOS25             |       | 12       | SLOW |              |          |          |
| outp<115>                          | IOB              | OUTPUT    | LVCMOS25             |       | 12       | SLOW |              |          |          |
| outp<116>                          | IOB              | OUTPUT    | LVCMOS25             |       | 12       | SLOW |              |          |          |
| outp<117>                          | IOB              | OUTPUT    | LVCMOS25             |       | 12       | SLOW |              |          |          |
| outp<118>                          | IOB              | OUTPUT    | LVCMOS25             |       | 12       | SLOW |              |          |          |
| outp<119>                          | IOB              | OUTPUT    | LVCMOS25             |       | 12       | SLOW |              |          |          |
| outp<120>                          | IOB              | OUTPUT    | LVCMOS25             |       | 12       | SLOW |              |          |          |
| outp<121>                          | IOB              | OUTPUT    | LVCMOS25             |       | 12       | SLOW |              |          |          |
| outp<122>                          | IOB              | OUTPUT    | LVCMOS25             |       | 12       | SLOW |              |          |          |
| outp<123>                          | IOB              | OUTPUT    | LVCMOS25             |       | 12       | SLOW |              |          |          |
| outp<124>                          | IOB              | OUTPUT    | LVCMOS25             |       | 12       | SLOW |              |          |          |
| outp<125>                          | IOB              | OUTPUT    | LVCMOS25             |       | 12       | SLOW |              |          |          |
| outp<126>                          | IOB              | OUTPUT    | LVCMOS25             |       | 12       | SLOW |              |          |          |
| outp<127>                          | IOB              | OUTPUT    | LVCMOS25             |       | 12       | SLOW |              |          |          |
| rst                                | IOB              | INPUT     | LVCMOS25             |       |          |      |              |          |          |
+---------------------------------------------------------------------------------------------------------------------------------------------------------+

Section 7 - RPMs
----------------

Section 8 - Guide Report
------------------------
Guide not run on this design.

Section 9 - Area Group and Partition Summary
--------------------------------------------

Partition Implementation Status
-------------------------------

  No Partitions were found in this design.

-------------------------------

Area Group Information
----------------------

  No area groups were found in this design.

----------------------

Section 10 - Timing Report
--------------------------
A logic-level (pre-route) timing report can be generated by using Xilinx static
timing analysis tools, Timing Analyzer (GUI) or TRCE (command line), with the
mapped NCD and PCF files. Please note that this timing report will be generated
using estimated delay information. For accurate numbers, please generate a
timing report with the post Place and Route NCD file.

For more information about the Timing Analyzer, consult the Xilinx Timing
Analyzer Reference Manual; for more information about TRCE, consult the Xilinx
Command Line Tools User Guide "TRACE" chapter.

Section 11 - Configuration String Details
-----------------------------------------
Use the "-detail" map option to print out Configuration Strings

Section 12 - Control Set Information
------------------------------------
Use the "-detail" map option to print out Control Set Information.

Section 13 - Utilization by Hierarchy
-------------------------------------
Use the "-detail" map option to print out the Utilization by Hierarchy section.
